<?xml version="1.0" encoding="UTF-8"?>
<!-- Generated by org.testng.reporters.JUnitXMLReporter -->
<testsuite hostname="Gabysus" ignored="3" name="Default test" tests="1" failures="0" timestamp="08 Feb 2019 01:41:21 GMT" time="13.61" errors="0">
  <testcase name="T02_RetrievesRawDataOfAGvivenStock_FB" time="13.542" classname="apiAutomation_WhatIf.WhatIfAPIRawData"/>
  <testcase name="T02_RetrievesRawDataOfAGvivenStockOfAGvivenStock_MSFT" time="0.0" classname="apiAutomation_WhatIf.WhatIfAPIRawData">
    <ignored/>
  </testcase> <!-- T02_RetrievesRawDataOfAGvivenStockOfAGvivenStock_MSFT -->
  <testcase name="T02_RetrievesRawDataOfAGvivenStockOfAGvivenStock_HD" time="0.0" classname="apiAutomation_WhatIf.WhatIfAPIRawData">
    <ignored/>
  </testcase> <!-- T02_RetrievesRawDataOfAGvivenStockOfAGvivenStock_HD -->
  <testcase name="T02_RetrievesRawDataOfAGvivenStock_AAPL" time="0.0" classname="apiAutomation_WhatIf.WhatIfAPIRawData">
    <ignored/>
  </testcase> <!-- T02_RetrievesRawDataOfAGvivenStock_AAPL -->
</testsuite> <!-- Default test -->
