<?xml version="1.0" encoding="UTF-8"?>
<testng-results skipped="0" failed="0" ignored="3" total="4" passed="1">
  <reporter-output>
  </reporter-output>
  <suite name="Default suite" duration-ms="13610" started-at="2019-02-08T01:41:07Z" finished-at="2019-02-08T01:41:20Z">
    <groups>
    </groups>
    <test name="Default test" duration-ms="13610" started-at="2019-02-08T01:41:07Z" finished-at="2019-02-08T01:41:20Z">
      <class name="apiAutomation_WhatIf.WhatIfAPIRawData">
        <test-method status="PASS" signature="T02_RetrievesRawDataOfAGvivenStock_FB()[pri:0, instance:apiAutomation_WhatIf.WhatIfAPIRawData@e25b2fe]" name="T02_RetrievesRawDataOfAGvivenStock_FB" duration-ms="13542" started-at="2019-02-08T01:41:07Z" finished-at="2019-02-08T01:41:20Z">
          <reporter-output>
          </reporter-output>
        </test-method> <!-- T02_RetrievesRawDataOfAGvivenStock_FB -->
      </class> <!-- apiAutomation_WhatIf.WhatIfAPIRawData -->
    </test> <!-- Default test -->
  </suite> <!-- Default suite -->
</testng-results>
